May 31, 2019 2:34:31 PM org.hibernate.Version logVersion
INFO: HHH000412: Hibernate Core {5.4.3.Final}
May 31, 2019 2:34:31 PM org.hibernate.annotations.common.reflection.java.JavaReflectionManager <clinit>
INFO: HCANN000001: Hibernate Commons Annotations {5.1.0.Final}
May 31, 2019 2:34:32 PM org.hibernate.engine.jdbc.connections.internal.DriverManagerConnectionProviderImpl configure
WARN: HHH10001002: Using Hibernate built-in connection pool (not for production use!)
May 31, 2019 2:34:32 PM org.hibernate.engine.jdbc.connections.internal.DriverManagerConnectionProviderImpl buildCreator
INFO: HHH10001005: using driver [com.mysql.jdbc.Driver] at URL [jdbc:mysql://localhost:3306/TestJPA]
May 31, 2019 2:34:32 PM org.hibernate.engine.jdbc.connections.internal.DriverManagerConnectionProviderImpl buildCreator
INFO: HHH10001001: Connection properties: {user=root, password=****}
May 31, 2019 2:34:32 PM org.hibernate.engine.jdbc.connections.internal.DriverManagerConnectionProviderImpl buildCreator
INFO: HHH10001003: Autocommit mode: false
May 31, 2019 2:34:32 PM org.hibernate.engine.jdbc.connections.internal.DriverManagerConnectionProviderImpl$PooledConnections <init>
INFO: HHH000115: Hibernate connection pool size: 20 (min=1)
May 31, 2019 2:34:32 PM org.hibernate.dialect.Dialect <init>
INFO: HHH000400: Using dialect: org.hibernate.dialect.MySQL57Dialect
May 31, 2019 2:34:32 PM org.hibernate.mapping.RootClass checkCompositeIdentifier
WARN: HHH000038: Composite-id class does not override equals(): lk.ijse.pos.entity.OrderDetailPK
May 31, 2019 2:34:32 PM org.hibernate.mapping.RootClass checkCompositeIdentifier
WARN: HHH000039: Composite-id class does not override hashCode(): lk.ijse.pos.entity.OrderDetailPK
May 31, 2019 2:34:33 PM org.hibernate.resource.transaction.backend.jdbc.internal.DdlTransactionIsolatorNonJtaImpl getIsolatedConnection
INFO: HHH10001501: Connection obtained from JdbcConnectionAccess [org.hibernate.engine.jdbc.env.internal.JdbcEnvironmentInitiator$ConnectionProviderJdbcConnectionAccess@4659848f] for (non-JTA) DDL execution was not in auto-commit mode; the Connection 'local transaction' will be committed and the Connection will be set into auto-commit mode.
May 31, 2019 2:34:33 PM org.hibernate.engine.transaction.jta.platform.internal.JtaPlatformInitiator initiateService
INFO: HHH000490: Using JtaPlatform implementation: [org.hibernate.engine.transaction.jta.platform.internal.NoJtaPlatform]
May 31, 2019 2:48:22 PM org.hibernate.Version logVersion
INFO: HHH000412: Hibernate Core {5.4.3.Final}
May 31, 2019 2:48:23 PM org.hibernate.annotations.common.reflection.java.JavaReflectionManager <clinit>
INFO: HCANN000001: Hibernate Commons Annotations {5.1.0.Final}
May 31, 2019 2:48:23 PM org.hibernate.engine.jdbc.connections.internal.DriverManagerConnectionProviderImpl configure
WARN: HHH10001002: Using Hibernate built-in connection pool (not for production use!)
May 31, 2019 2:48:23 PM org.hibernate.engine.jdbc.connections.internal.DriverManagerConnectionProviderImpl buildCreator
INFO: HHH10001005: using driver [com.mysql.jdbc.Driver] at URL [jdbc:mysql://localhost:3306/TestJPA]
May 31, 2019 2:48:23 PM org.hibernate.engine.jdbc.connections.internal.DriverManagerConnectionProviderImpl buildCreator
INFO: HHH10001001: Connection properties: {user=root, password=****}
May 31, 2019 2:48:23 PM org.hibernate.engine.jdbc.connections.internal.DriverManagerConnectionProviderImpl buildCreator
INFO: HHH10001003: Autocommit mode: false
May 31, 2019 2:48:23 PM org.hibernate.engine.jdbc.connections.internal.DriverManagerConnectionProviderImpl$PooledConnections <init>
INFO: HHH000115: Hibernate connection pool size: 20 (min=1)
May 31, 2019 2:48:23 PM org.hibernate.dialect.Dialect <init>
INFO: HHH000400: Using dialect: org.hibernate.dialect.MySQL57Dialect
May 31, 2019 2:48:23 PM org.hibernate.mapping.RootClass checkCompositeIdentifier
WARN: HHH000038: Composite-id class does not override equals(): lk.ijse.pos.entity.OrderDetailPK
May 31, 2019 2:48:23 PM org.hibernate.mapping.RootClass checkCompositeIdentifier
WARN: HHH000039: Composite-id class does not override hashCode(): lk.ijse.pos.entity.OrderDetailPK
May 31, 2019 2:48:24 PM org.hibernate.resource.transaction.backend.jdbc.internal.DdlTransactionIsolatorNonJtaImpl getIsolatedConnection
INFO: HHH10001501: Connection obtained from JdbcConnectionAccess [org.hibernate.engine.jdbc.env.internal.JdbcEnvironmentInitiator$ConnectionProviderJdbcConnectionAccess@b1daeb9] for (non-JTA) DDL execution was not in auto-commit mode; the Connection 'local transaction' will be committed and the Connection will be set into auto-commit mode.
May 31, 2019 2:48:24 PM org.hibernate.engine.transaction.jta.platform.internal.JtaPlatformInitiator initiateService
INFO: HHH000490: Using JtaPlatform implementation: [org.hibernate.engine.transaction.jta.platform.internal.NoJtaPlatform]
May 31, 2019 3:55:57 PM org.hibernate.Version logVersion
INFO: HHH000412: Hibernate Core {5.4.3.Final}
May 31, 2019 3:55:57 PM org.hibernate.annotations.common.reflection.java.JavaReflectionManager <clinit>
INFO: HCANN000001: Hibernate Commons Annotations {5.1.0.Final}
May 31, 2019 3:55:57 PM org.hibernate.engine.jdbc.connections.internal.DriverManagerConnectionProviderImpl configure
WARN: HHH10001002: Using Hibernate built-in connection pool (not for production use!)
May 31, 2019 3:55:57 PM org.hibernate.engine.jdbc.connections.internal.DriverManagerConnectionProviderImpl buildCreator
INFO: HHH10001005: using driver [com.mysql.jdbc.Driver] at URL [jdbc:mysql://localhost:3306/TestJPA]
May 31, 2019 3:55:57 PM org.hibernate.engine.jdbc.connections.internal.DriverManagerConnectionProviderImpl buildCreator
INFO: HHH10001001: Connection properties: {user=root, password=****}
May 31, 2019 3:55:57 PM org.hibernate.engine.jdbc.connections.internal.DriverManagerConnectionProviderImpl buildCreator
INFO: HHH10001003: Autocommit mode: false
May 31, 2019 3:55:57 PM org.hibernate.engine.jdbc.connections.internal.DriverManagerConnectionProviderImpl$PooledConnections <init>
INFO: HHH000115: Hibernate connection pool size: 20 (min=1)
May 31, 2019 3:55:57 PM org.hibernate.dialect.Dialect <init>
INFO: HHH000400: Using dialect: org.hibernate.dialect.MySQL57Dialect
May 31, 2019 3:55:58 PM org.hibernate.mapping.RootClass checkCompositeIdentifier
WARN: HHH000038: Composite-id class does not override equals(): lk.ijse.pos.entity.OrderDetailPK
May 31, 2019 3:55:58 PM org.hibernate.mapping.RootClass checkCompositeIdentifier
WARN: HHH000039: Composite-id class does not override hashCode(): lk.ijse.pos.entity.OrderDetailPK
May 31, 2019 3:55:59 PM org.hibernate.resource.transaction.backend.jdbc.internal.DdlTransactionIsolatorNonJtaImpl getIsolatedConnection
INFO: HHH10001501: Connection obtained from JdbcConnectionAccess [org.hibernate.engine.jdbc.env.internal.JdbcEnvironmentInitiator$ConnectionProviderJdbcConnectionAccess@34fc523] for (non-JTA) DDL execution was not in auto-commit mode; the Connection 'local transaction' will be committed and the Connection will be set into auto-commit mode.
May 31, 2019 3:56:00 PM org.hibernate.tool.schema.internal.ExceptionHandlerLoggedImpl handleException
WARN: GenerationTarget encountered exception accepting command : Error executing DDL "alter table OrderDetail add constraint FKtogd3d0kvb3mreeh4pn7qox19 foreign key (itemCode) references Item (code)" via JDBC Statement
org.hibernate.tool.schema.spi.CommandAcceptanceException: Error executing DDL "alter table OrderDetail add constraint FKtogd3d0kvb3mreeh4pn7qox19 foreign key (itemCode) references Item (code)" via JDBC Statement
	at org.hibernate.tool.schema.internal.exec.GenerationTargetToDatabase.accept(GenerationTargetToDatabase.java:67)
	at org.hibernate.tool.schema.internal.AbstractSchemaMigrator.applySqlString(AbstractSchemaMigrator.java:559)
	at org.hibernate.tool.schema.internal.AbstractSchemaMigrator.applySqlStrings(AbstractSchemaMigrator.java:504)
	at org.hibernate.tool.schema.internal.AbstractSchemaMigrator.applyForeignKeys(AbstractSchemaMigrator.java:433)
	at org.hibernate.tool.schema.internal.AbstractSchemaMigrator.performMigration(AbstractSchemaMigrator.java:249)
	at org.hibernate.tool.schema.internal.AbstractSchemaMigrator.doMigration(AbstractSchemaMigrator.java:114)
	at org.hibernate.tool.schema.spi.SchemaManagementToolCoordinator.performDatabaseAction(SchemaManagementToolCoordinator.java:184)
	at org.hibernate.tool.schema.spi.SchemaManagementToolCoordinator.process(SchemaManagementToolCoordinator.java:73)
	at org.hibernate.internal.SessionFactoryImpl.<init>(SessionFactoryImpl.java:309)
	at org.hibernate.boot.internal.SessionFactoryBuilderImpl.build(SessionFactoryBuilderImpl.java:462)
	at org.hibernate.boot.internal.MetadataImpl.buildSessionFactory(MetadataImpl.java:184)
	at lk.ijse.pos.db.HibernateUtil.buildSessionFactory(HibernateUtil.java:36)
	at lk.ijse.pos.db.HibernateUtil.<clinit>(HibernateUtil.java:18)
	at lk.ijse.pos.business.custom.impl.CustomerBOImpl.getAllCustomers(CustomerBOImpl.java:36)
	at lk.ijse.pos.controller.ManageCustomerFormController.initialize(ManageCustomerFormController.java:77)
	at javafx.fxml.FXMLLoader.loadImpl(FXMLLoader.java:2548)
	at javafx.fxml.FXMLLoader.loadImpl(FXMLLoader.java:2441)
	at javafx.fxml.FXMLLoader.loadImpl(FXMLLoader.java:3214)
	at javafx.fxml.FXMLLoader.loadImpl(FXMLLoader.java:3175)
	at javafx.fxml.FXMLLoader.loadImpl(FXMLLoader.java:3148)
	at javafx.fxml.FXMLLoader.loadImpl(FXMLLoader.java:3124)
	at javafx.fxml.FXMLLoader.loadImpl(FXMLLoader.java:3104)
	at javafx.fxml.FXMLLoader.load(FXMLLoader.java:3097)
	at lk.ijse.pos.controller.MainFormController.navigate(MainFormController.java:123)
	at sun.reflect.NativeMethodAccessorImpl.invoke0(Native Method)
	at sun.reflect.NativeMethodAccessorImpl.invoke(NativeMethodAccessorImpl.java:62)
	at sun.reflect.DelegatingMethodAccessorImpl.invoke(DelegatingMethodAccessorImpl.java:43)
	at java.lang.reflect.Method.invoke(Method.java:498)
	at sun.reflect.misc.Trampoline.invoke(MethodUtil.java:71)
	at sun.reflect.GeneratedMethodAccessor1.invoke(Unknown Source)
	at sun.reflect.DelegatingMethodAccessorImpl.invoke(DelegatingMethodAccessorImpl.java:43)
	at java.lang.reflect.Method.invoke(Method.java:498)
	at sun.reflect.misc.MethodUtil.invoke(MethodUtil.java:275)
	at javafx.fxml.FXMLLoader$MethodHandler.invoke(FXMLLoader.java:1769)
	at javafx.fxml.FXMLLoader$ControllerMethodEventHandler.handle(FXMLLoader.java:1657)
	at com.sun.javafx.event.CompositeEventHandler.dispatchBubblingEvent(CompositeEventHandler.java:86)
	at com.sun.javafx.event.EventHandlerManager.dispatchBubblingEvent(EventHandlerManager.java:238)
	at com.sun.javafx.event.EventHandlerManager.dispatchBubblingEvent(EventHandlerManager.java:191)
	at com.sun.javafx.event.CompositeEventDispatcher.dispatchBubblingEvent(CompositeEventDispatcher.java:59)
	at com.sun.javafx.event.BasicEventDispatcher.dispatchEvent(BasicEventDispatcher.java:58)
	at com.sun.javafx.event.EventDispatchChainImpl.dispatchEvent(EventDispatchChainImpl.java:114)
	at com.sun.javafx.event.BasicEventDispatcher.dispatchEvent(BasicEventDispatcher.java:56)
	at com.sun.javafx.event.EventDispatchChainImpl.dispatchEvent(EventDispatchChainImpl.java:114)
	at com.sun.javafx.event.EventUtil.fireEventImpl(EventUtil.java:74)
	at com.sun.javafx.event.EventUtil.fireEvent(EventUtil.java:54)
	at javafx.event.Event.fireEvent(Event.java:198)
	at javafx.scene.Scene$ClickGenerator.postProcess(Scene.java:3470)
	at javafx.scene.Scene$ClickGenerator.access$8100(Scene.java:3398)
	at javafx.scene.Scene$MouseHandler.process(Scene.java:3766)
	at javafx.scene.Scene$MouseHandler.access$1500(Scene.java:3485)
	at javafx.scene.Scene.impl_processMouseEvent(Scene.java:1762)
	at javafx.scene.Scene$ScenePeerListener.mouseEvent(Scene.java:2494)
	at com.sun.javafx.tk.quantum.GlassViewEventHandler$MouseEventNotification.run(GlassViewEventHandler.java:394)
	at com.sun.javafx.tk.quantum.GlassViewEventHandler$MouseEventNotification.run(GlassViewEventHandler.java:295)
	at java.security.AccessController.doPrivileged(Native Method)
	at com.sun.javafx.tk.quantum.GlassViewEventHandler.lambda$handleMouseEvent$353(GlassViewEventHandler.java:432)
	at com.sun.javafx.tk.quantum.QuantumToolkit.runWithoutRenderLock(QuantumToolkit.java:389)
	at com.sun.javafx.tk.quantum.GlassViewEventHandler.handleMouseEvent(GlassViewEventHandler.java:431)
	at com.sun.glass.ui.View.handleMouseEvent(View.java:555)
	at com.sun.glass.ui.View.notifyMouse(View.java:937)
	at com.sun.glass.ui.win.WinApplication._runLoop(Native Method)
	at com.sun.glass.ui.win.WinApplication.lambda$null$147(WinApplication.java:177)
	at java.lang.Thread.run(Thread.java:748)
Caused by: java.sql.SQLIntegrityConstraintViolationException: Cannot add or update a child row: a foreign key constraint fails (`testjpa`.`#sql-d9c_6`, CONSTRAINT `FKtogd3d0kvb3mreeh4pn7qox19` FOREIGN KEY (`itemCode`) REFERENCES `item` (`code`))
	at com.mysql.cj.jdbc.exceptions.SQLError.createSQLException(SQLError.java:117)
	at com.mysql.cj.jdbc.exceptions.SQLError.createSQLException(SQLError.java:97)
	at com.mysql.cj.jdbc.exceptions.SQLExceptionsMapping.translateException(SQLExceptionsMapping.java:122)
	at com.mysql.cj.jdbc.StatementImpl.executeInternal(StatementImpl.java:782)
	at com.mysql.cj.jdbc.StatementImpl.execute(StatementImpl.java:666)
	at org.hibernate.tool.schema.internal.exec.GenerationTargetToDatabase.accept(GenerationTargetToDatabase.java:54)
	... 62 more

May 31, 2019 3:56:01 PM org.hibernate.tool.schema.internal.ExceptionHandlerLoggedImpl handleException
WARN: GenerationTarget encountered exception accepting command : Error executing DDL "alter table OrderDetail add constraint FK21x4a3ee3h5uwombp0n7cayng foreign key (orderId) references `Order` (id)" via JDBC Statement
org.hibernate.tool.schema.spi.CommandAcceptanceException: Error executing DDL "alter table OrderDetail add constraint FK21x4a3ee3h5uwombp0n7cayng foreign key (orderId) references `Order` (id)" via JDBC Statement
	at org.hibernate.tool.schema.internal.exec.GenerationTargetToDatabase.accept(GenerationTargetToDatabase.java:67)
	at org.hibernate.tool.schema.internal.AbstractSchemaMigrator.applySqlString(AbstractSchemaMigrator.java:559)
	at org.hibernate.tool.schema.internal.AbstractSchemaMigrator.applySqlStrings(AbstractSchemaMigrator.java:504)
	at org.hibernate.tool.schema.internal.AbstractSchemaMigrator.applyForeignKeys(AbstractSchemaMigrator.java:433)
	at org.hibernate.tool.schema.internal.AbstractSchemaMigrator.performMigration(AbstractSchemaMigrator.java:249)
	at org.hibernate.tool.schema.internal.AbstractSchemaMigrator.doMigration(AbstractSchemaMigrator.java:114)
	at org.hibernate.tool.schema.spi.SchemaManagementToolCoordinator.performDatabaseAction(SchemaManagementToolCoordinator.java:184)
	at org.hibernate.tool.schema.spi.SchemaManagementToolCoordinator.process(SchemaManagementToolCoordinator.java:73)
	at org.hibernate.internal.SessionFactoryImpl.<init>(SessionFactoryImpl.java:309)
	at org.hibernate.boot.internal.SessionFactoryBuilderImpl.build(SessionFactoryBuilderImpl.java:462)
	at org.hibernate.boot.internal.MetadataImpl.buildSessionFactory(MetadataImpl.java:184)
	at lk.ijse.pos.db.HibernateUtil.buildSessionFactory(HibernateUtil.java:36)
	at lk.ijse.pos.db.HibernateUtil.<clinit>(HibernateUtil.java:18)
	at lk.ijse.pos.business.custom.impl.CustomerBOImpl.getAllCustomers(CustomerBOImpl.java:36)
	at lk.ijse.pos.controller.ManageCustomerFormController.initialize(ManageCustomerFormController.java:77)
	at javafx.fxml.FXMLLoader.loadImpl(FXMLLoader.java:2548)
	at javafx.fxml.FXMLLoader.loadImpl(FXMLLoader.java:2441)
	at javafx.fxml.FXMLLoader.loadImpl(FXMLLoader.java:3214)
	at javafx.fxml.FXMLLoader.loadImpl(FXMLLoader.java:3175)
	at javafx.fxml.FXMLLoader.loadImpl(FXMLLoader.java:3148)
	at javafx.fxml.FXMLLoader.loadImpl(FXMLLoader.java:3124)
	at javafx.fxml.FXMLLoader.loadImpl(FXMLLoader.java:3104)
	at javafx.fxml.FXMLLoader.load(FXMLLoader.java:3097)
	at lk.ijse.pos.controller.MainFormController.navigate(MainFormController.java:123)
	at sun.reflect.NativeMethodAccessorImpl.invoke0(Native Method)
	at sun.reflect.NativeMethodAccessorImpl.invoke(NativeMethodAccessorImpl.java:62)
	at sun.reflect.DelegatingMethodAccessorImpl.invoke(DelegatingMethodAccessorImpl.java:43)
	at java.lang.reflect.Method.invoke(Method.java:498)
	at sun.reflect.misc.Trampoline.invoke(MethodUtil.java:71)
	at sun.reflect.GeneratedMethodAccessor1.invoke(Unknown Source)
	at sun.reflect.DelegatingMethodAccessorImpl.invoke(DelegatingMethodAccessorImpl.java:43)
	at java.lang.reflect.Method.invoke(Method.java:498)
	at sun.reflect.misc.MethodUtil.invoke(MethodUtil.java:275)
	at javafx.fxml.FXMLLoader$MethodHandler.invoke(FXMLLoader.java:1769)
	at javafx.fxml.FXMLLoader$ControllerMethodEventHandler.handle(FXMLLoader.java:1657)
	at com.sun.javafx.event.CompositeEventHandler.dispatchBubblingEvent(CompositeEventHandler.java:86)
	at com.sun.javafx.event.EventHandlerManager.dispatchBubblingEvent(EventHandlerManager.java:238)
	at com.sun.javafx.event.EventHandlerManager.dispatchBubblingEvent(EventHandlerManager.java:191)
	at com.sun.javafx.event.CompositeEventDispatcher.dispatchBubblingEvent(CompositeEventDispatcher.java:59)
	at com.sun.javafx.event.BasicEventDispatcher.dispatchEvent(BasicEventDispatcher.java:58)
	at com.sun.javafx.event.EventDispatchChainImpl.dispatchEvent(EventDispatchChainImpl.java:114)
	at com.sun.javafx.event.BasicEventDispatcher.dispatchEvent(BasicEventDispatcher.java:56)
	at com.sun.javafx.event.EventDispatchChainImpl.dispatchEvent(EventDispatchChainImpl.java:114)
	at com.sun.javafx.event.EventUtil.fireEventImpl(EventUtil.java:74)
	at com.sun.javafx.event.EventUtil.fireEvent(EventUtil.java:54)
	at javafx.event.Event.fireEvent(Event.java:198)
	at javafx.scene.Scene$ClickGenerator.postProcess(Scene.java:3470)
	at javafx.scene.Scene$ClickGenerator.access$8100(Scene.java:3398)
	at javafx.scene.Scene$MouseHandler.process(Scene.java:3766)
	at javafx.scene.Scene$MouseHandler.access$1500(Scene.java:3485)
	at javafx.scene.Scene.impl_processMouseEvent(Scene.java:1762)
	at javafx.scene.Scene$ScenePeerListener.mouseEvent(Scene.java:2494)
	at com.sun.javafx.tk.quantum.GlassViewEventHandler$MouseEventNotification.run(GlassViewEventHandler.java:394)
	at com.sun.javafx.tk.quantum.GlassViewEventHandler$MouseEventNotification.run(GlassViewEventHandler.java:295)
	at java.security.AccessController.doPrivileged(Native Method)
	at com.sun.javafx.tk.quantum.GlassViewEventHandler.lambda$handleMouseEvent$353(GlassViewEventHandler.java:432)
	at com.sun.javafx.tk.quantum.QuantumToolkit.runWithoutRenderLock(QuantumToolkit.java:389)
	at com.sun.javafx.tk.quantum.GlassViewEventHandler.handleMouseEvent(GlassViewEventHandler.java:431)
	at com.sun.glass.ui.View.handleMouseEvent(View.java:555)
	at com.sun.glass.ui.View.notifyMouse(View.java:937)
	at com.sun.glass.ui.win.WinApplication._runLoop(Native Method)
	at com.sun.glass.ui.win.WinApplication.lambda$null$147(WinApplication.java:177)
	at java.lang.Thread.run(Thread.java:748)
Caused by: java.sql.SQLException: Cannot add foreign key constraint
	at com.mysql.cj.jdbc.exceptions.SQLError.createSQLException(SQLError.java:129)
	at com.mysql.cj.jdbc.exceptions.SQLError.createSQLException(SQLError.java:97)
	at com.mysql.cj.jdbc.exceptions.SQLExceptionsMapping.translateException(SQLExceptionsMapping.java:122)
	at com.mysql.cj.jdbc.StatementImpl.executeInternal(StatementImpl.java:782)
	at com.mysql.cj.jdbc.StatementImpl.execute(StatementImpl.java:666)
	at org.hibernate.tool.schema.internal.exec.GenerationTargetToDatabase.accept(GenerationTargetToDatabase.java:54)
	... 62 more

May 31, 2019 3:56:01 PM org.hibernate.engine.transaction.jta.platform.internal.JtaPlatformInitiator initiateService
INFO: HHH000490: Using JtaPlatform implementation: [org.hibernate.engine.transaction.jta.platform.internal.NoJtaPlatform]
May 31, 2019 3:58:19 PM org.hibernate.Version logVersion
INFO: HHH000412: Hibernate Core {5.4.3.Final}
May 31, 2019 3:58:19 PM org.hibernate.annotations.common.reflection.java.JavaReflectionManager <clinit>
INFO: HCANN000001: Hibernate Commons Annotations {5.1.0.Final}
May 31, 2019 3:58:20 PM org.hibernate.engine.jdbc.connections.internal.DriverManagerConnectionProviderImpl configure
WARN: HHH10001002: Using Hibernate built-in connection pool (not for production use!)
May 31, 2019 3:58:20 PM org.hibernate.engine.jdbc.connections.internal.DriverManagerConnectionProviderImpl buildCreator
INFO: HHH10001005: using driver [com.mysql.jdbc.Driver] at URL [jdbc:mysql://localhost:3306/TestJPA]
May 31, 2019 3:58:20 PM org.hibernate.engine.jdbc.connections.internal.DriverManagerConnectionProviderImpl buildCreator
INFO: HHH10001001: Connection properties: {user=root, password=****}
May 31, 2019 3:58:20 PM org.hibernate.engine.jdbc.connections.internal.DriverManagerConnectionProviderImpl buildCreator
INFO: HHH10001003: Autocommit mode: false
May 31, 2019 3:58:20 PM org.hibernate.engine.jdbc.connections.internal.DriverManagerConnectionProviderImpl$PooledConnections <init>
INFO: HHH000115: Hibernate connection pool size: 20 (min=1)
May 31, 2019 3:58:20 PM org.hibernate.dialect.Dialect <init>
INFO: HHH000400: Using dialect: org.hibernate.dialect.MySQL57Dialect
May 31, 2019 3:58:20 PM org.hibernate.mapping.RootClass checkCompositeIdentifier
WARN: HHH000038: Composite-id class does not override equals(): lk.ijse.pos.entity.OrderDetailPK
May 31, 2019 3:58:20 PM org.hibernate.mapping.RootClass checkCompositeIdentifier
WARN: HHH000039: Composite-id class does not override hashCode(): lk.ijse.pos.entity.OrderDetailPK
May 31, 2019 3:58:21 PM org.hibernate.resource.transaction.backend.jdbc.internal.DdlTransactionIsolatorNonJtaImpl getIsolatedConnection
INFO: HHH10001501: Connection obtained from JdbcConnectionAccess [org.hibernate.engine.jdbc.env.internal.JdbcEnvironmentInitiator$ConnectionProviderJdbcConnectionAccess@393d2674] for (non-JTA) DDL execution was not in auto-commit mode; the Connection 'local transaction' will be committed and the Connection will be set into auto-commit mode.
May 31, 2019 3:58:22 PM org.hibernate.tool.schema.internal.ExceptionHandlerLoggedImpl handleException
WARN: GenerationTarget encountered exception accepting command : Error executing DDL "alter table OrderDetail add constraint FKtogd3d0kvb3mreeh4pn7qox19 foreign key (itemCode) references Item (code)" via JDBC Statement
org.hibernate.tool.schema.spi.CommandAcceptanceException: Error executing DDL "alter table OrderDetail add constraint FKtogd3d0kvb3mreeh4pn7qox19 foreign key (itemCode) references Item (code)" via JDBC Statement
	at org.hibernate.tool.schema.internal.exec.GenerationTargetToDatabase.accept(GenerationTargetToDatabase.java:67)
	at org.hibernate.tool.schema.internal.AbstractSchemaMigrator.applySqlString(AbstractSchemaMigrator.java:559)
	at org.hibernate.tool.schema.internal.AbstractSchemaMigrator.applySqlStrings(AbstractSchemaMigrator.java:504)
	at org.hibernate.tool.schema.internal.AbstractSchemaMigrator.applyForeignKeys(AbstractSchemaMigrator.java:433)
	at org.hibernate.tool.schema.internal.AbstractSchemaMigrator.performMigration(AbstractSchemaMigrator.java:249)
	at org.hibernate.tool.schema.internal.AbstractSchemaMigrator.doMigration(AbstractSchemaMigrator.java:114)
	at org.hibernate.tool.schema.spi.SchemaManagementToolCoordinator.performDatabaseAction(SchemaManagementToolCoordinator.java:184)
	at org.hibernate.tool.schema.spi.SchemaManagementToolCoordinator.process(SchemaManagementToolCoordinator.java:73)
	at org.hibernate.internal.SessionFactoryImpl.<init>(SessionFactoryImpl.java:309)
	at org.hibernate.boot.internal.SessionFactoryBuilderImpl.build(SessionFactoryBuilderImpl.java:462)
	at org.hibernate.boot.internal.MetadataImpl.buildSessionFactory(MetadataImpl.java:184)
	at lk.ijse.pos.db.HibernateUtil.buildSessionFactory(HibernateUtil.java:36)
	at lk.ijse.pos.db.HibernateUtil.<clinit>(HibernateUtil.java:18)
	at lk.ijse.pos.business.custom.impl.CustomerBOImpl.getAllCustomers(CustomerBOImpl.java:36)
	at lk.ijse.pos.controller.ManageCustomerFormController.initialize(ManageCustomerFormController.java:77)
	at javafx.fxml.FXMLLoader.loadImpl(FXMLLoader.java:2548)
	at javafx.fxml.FXMLLoader.loadImpl(FXMLLoader.java:2441)
	at javafx.fxml.FXMLLoader.loadImpl(FXMLLoader.java:3214)
	at javafx.fxml.FXMLLoader.loadImpl(FXMLLoader.java:3175)
	at javafx.fxml.FXMLLoader.loadImpl(FXMLLoader.java:3148)
	at javafx.fxml.FXMLLoader.loadImpl(FXMLLoader.java:3124)
	at javafx.fxml.FXMLLoader.loadImpl(FXMLLoader.java:3104)
	at javafx.fxml.FXMLLoader.load(FXMLLoader.java:3097)
	at lk.ijse.pos.controller.MainFormController.navigate(MainFormController.java:123)
	at sun.reflect.NativeMethodAccessorImpl.invoke0(Native Method)
	at sun.reflect.NativeMethodAccessorImpl.invoke(NativeMethodAccessorImpl.java:62)
	at sun.reflect.DelegatingMethodAccessorImpl.invoke(DelegatingMethodAccessorImpl.java:43)
	at java.lang.reflect.Method.invoke(Method.java:498)
	at sun.reflect.misc.Trampoline.invoke(MethodUtil.java:71)
	at sun.reflect.GeneratedMethodAccessor1.invoke(Unknown Source)
	at sun.reflect.DelegatingMethodAccessorImpl.invoke(DelegatingMethodAccessorImpl.java:43)
	at java.lang.reflect.Method.invoke(Method.java:498)
	at sun.reflect.misc.MethodUtil.invoke(MethodUtil.java:275)
	at javafx.fxml.FXMLLoader$MethodHandler.invoke(FXMLLoader.java:1769)
	at javafx.fxml.FXMLLoader$ControllerMethodEventHandler.handle(FXMLLoader.java:1657)
	at com.sun.javafx.event.CompositeEventHandler.dispatchBubblingEvent(CompositeEventHandler.java:86)
	at com.sun.javafx.event.EventHandlerManager.dispatchBubblingEvent(EventHandlerManager.java:238)
	at com.sun.javafx.event.EventHandlerManager.dispatchBubblingEvent(EventHandlerManager.java:191)
	at com.sun.javafx.event.CompositeEventDispatcher.dispatchBubblingEvent(CompositeEventDispatcher.java:59)
	at com.sun.javafx.event.BasicEventDispatcher.dispatchEvent(BasicEventDispatcher.java:58)
	at com.sun.javafx.event.EventDispatchChainImpl.dispatchEvent(EventDispatchChainImpl.java:114)
	at com.sun.javafx.event.BasicEventDispatcher.dispatchEvent(BasicEventDispatcher.java:56)
	at com.sun.javafx.event.EventDispatchChainImpl.dispatchEvent(EventDispatchChainImpl.java:114)
	at com.sun.javafx.event.EventUtil.fireEventImpl(EventUtil.java:74)
	at com.sun.javafx.event.EventUtil.fireEvent(EventUtil.java:54)
	at javafx.event.Event.fireEvent(Event.java:198)
	at javafx.scene.Scene$ClickGenerator.postProcess(Scene.java:3470)
	at javafx.scene.Scene$ClickGenerator.access$8100(Scene.java:3398)
	at javafx.scene.Scene$MouseHandler.process(Scene.java:3766)
	at javafx.scene.Scene$MouseHandler.access$1500(Scene.java:3485)
	at javafx.scene.Scene.impl_processMouseEvent(Scene.java:1762)
	at javafx.scene.Scene$ScenePeerListener.mouseEvent(Scene.java:2494)
	at com.sun.javafx.tk.quantum.GlassViewEventHandler$MouseEventNotification.run(GlassViewEventHandler.java:394)
	at com.sun.javafx.tk.quantum.GlassViewEventHandler$MouseEventNotification.run(GlassViewEventHandler.java:295)
	at java.security.AccessController.doPrivileged(Native Method)
	at com.sun.javafx.tk.quantum.GlassViewEventHandler.lambda$handleMouseEvent$353(GlassViewEventHandler.java:432)
	at com.sun.javafx.tk.quantum.QuantumToolkit.runWithoutRenderLock(QuantumToolkit.java:389)
	at com.sun.javafx.tk.quantum.GlassViewEventHandler.handleMouseEvent(GlassViewEventHandler.java:431)
	at com.sun.glass.ui.View.handleMouseEvent(View.java:555)
	at com.sun.glass.ui.View.notifyMouse(View.java:937)
	at com.sun.glass.ui.win.WinApplication._runLoop(Native Method)
	at com.sun.glass.ui.win.WinApplication.lambda$null$147(WinApplication.java:177)
	at java.lang.Thread.run(Thread.java:748)
Caused by: java.sql.SQLIntegrityConstraintViolationException: Cannot add or update a child row: a foreign key constraint fails (`testjpa`.`#sql-d9c_7`, CONSTRAINT `FKtogd3d0kvb3mreeh4pn7qox19` FOREIGN KEY (`itemCode`) REFERENCES `item` (`code`))
	at com.mysql.cj.jdbc.exceptions.SQLError.createSQLException(SQLError.java:117)
	at com.mysql.cj.jdbc.exceptions.SQLError.createSQLException(SQLError.java:97)
	at com.mysql.cj.jdbc.exceptions.SQLExceptionsMapping.translateException(SQLExceptionsMapping.java:122)
	at com.mysql.cj.jdbc.StatementImpl.executeInternal(StatementImpl.java:782)
	at com.mysql.cj.jdbc.StatementImpl.execute(StatementImpl.java:666)
	at org.hibernate.tool.schema.internal.exec.GenerationTargetToDatabase.accept(GenerationTargetToDatabase.java:54)
	... 62 more

May 31, 2019 3:58:22 PM org.hibernate.tool.schema.internal.ExceptionHandlerLoggedImpl handleException
WARN: GenerationTarget encountered exception accepting command : Error executing DDL "alter table OrderDetail add constraint FK21x4a3ee3h5uwombp0n7cayng foreign key (orderId) references `Order` (id)" via JDBC Statement
org.hibernate.tool.schema.spi.CommandAcceptanceException: Error executing DDL "alter table OrderDetail add constraint FK21x4a3ee3h5uwombp0n7cayng foreign key (orderId) references `Order` (id)" via JDBC Statement
	at org.hibernate.tool.schema.internal.exec.GenerationTargetToDatabase.accept(GenerationTargetToDatabase.java:67)
	at org.hibernate.tool.schema.internal.AbstractSchemaMigrator.applySqlString(AbstractSchemaMigrator.java:559)
	at org.hibernate.tool.schema.internal.AbstractSchemaMigrator.applySqlStrings(AbstractSchemaMigrator.java:504)
	at org.hibernate.tool.schema.internal.AbstractSchemaMigrator.applyForeignKeys(AbstractSchemaMigrator.java:433)
	at org.hibernate.tool.schema.internal.AbstractSchemaMigrator.performMigration(AbstractSchemaMigrator.java:249)
	at org.hibernate.tool.schema.internal.AbstractSchemaMigrator.doMigration(AbstractSchemaMigrator.java:114)
	at org.hibernate.tool.schema.spi.SchemaManagementToolCoordinator.performDatabaseAction(SchemaManagementToolCoordinator.java:184)
	at org.hibernate.tool.schema.spi.SchemaManagementToolCoordinator.process(SchemaManagementToolCoordinator.java:73)
	at org.hibernate.internal.SessionFactoryImpl.<init>(SessionFactoryImpl.java:309)
	at org.hibernate.boot.internal.SessionFactoryBuilderImpl.build(SessionFactoryBuilderImpl.java:462)
	at org.hibernate.boot.internal.MetadataImpl.buildSessionFactory(MetadataImpl.java:184)
	at lk.ijse.pos.db.HibernateUtil.buildSessionFactory(HibernateUtil.java:36)
	at lk.ijse.pos.db.HibernateUtil.<clinit>(HibernateUtil.java:18)
	at lk.ijse.pos.business.custom.impl.CustomerBOImpl.getAllCustomers(CustomerBOImpl.java:36)
	at lk.ijse.pos.controller.ManageCustomerFormController.initialize(ManageCustomerFormController.java:77)
	at javafx.fxml.FXMLLoader.loadImpl(FXMLLoader.java:2548)
	at javafx.fxml.FXMLLoader.loadImpl(FXMLLoader.java:2441)
	at javafx.fxml.FXMLLoader.loadImpl(FXMLLoader.java:3214)
	at javafx.fxml.FXMLLoader.loadImpl(FXMLLoader.java:3175)
	at javafx.fxml.FXMLLoader.loadImpl(FXMLLoader.java:3148)
	at javafx.fxml.FXMLLoader.loadImpl(FXMLLoader.java:3124)
	at javafx.fxml.FXMLLoader.loadImpl(FXMLLoader.java:3104)
	at javafx.fxml.FXMLLoader.load(FXMLLoader.java:3097)
	at lk.ijse.pos.controller.MainFormController.navigate(MainFormController.java:123)
	at sun.reflect.NativeMethodAccessorImpl.invoke0(Native Method)
	at sun.reflect.NativeMethodAccessorImpl.invoke(NativeMethodAccessorImpl.java:62)
	at sun.reflect.DelegatingMethodAccessorImpl.invoke(DelegatingMethodAccessorImpl.java:43)
	at java.lang.reflect.Method.invoke(Method.java:498)
	at sun.reflect.misc.Trampoline.invoke(MethodUtil.java:71)
	at sun.reflect.GeneratedMethodAccessor1.invoke(Unknown Source)
	at sun.reflect.DelegatingMethodAccessorImpl.invoke(DelegatingMethodAccessorImpl.java:43)
	at java.lang.reflect.Method.invoke(Method.java:498)
	at sun.reflect.misc.MethodUtil.invoke(MethodUtil.java:275)
	at javafx.fxml.FXMLLoader$MethodHandler.invoke(FXMLLoader.java:1769)
	at javafx.fxml.FXMLLoader$ControllerMethodEventHandler.handle(FXMLLoader.java:1657)
	at com.sun.javafx.event.CompositeEventHandler.dispatchBubblingEvent(CompositeEventHandler.java:86)
	at com.sun.javafx.event.EventHandlerManager.dispatchBubblingEvent(EventHandlerManager.java:238)
	at com.sun.javafx.event.EventHandlerManager.dispatchBubblingEvent(EventHandlerManager.java:191)
	at com.sun.javafx.event.CompositeEventDispatcher.dispatchBubblingEvent(CompositeEventDispatcher.java:59)
	at com.sun.javafx.event.BasicEventDispatcher.dispatchEvent(BasicEventDispatcher.java:58)
	at com.sun.javafx.event.EventDispatchChainImpl.dispatchEvent(EventDispatchChainImpl.java:114)
	at com.sun.javafx.event.BasicEventDispatcher.dispatchEvent(BasicEventDispatcher.java:56)
	at com.sun.javafx.event.EventDispatchChainImpl.dispatchEvent(EventDispatchChainImpl.java:114)
	at com.sun.javafx.event.EventUtil.fireEventImpl(EventUtil.java:74)
	at com.sun.javafx.event.EventUtil.fireEvent(EventUtil.java:54)
	at javafx.event.Event.fireEvent(Event.java:198)
	at javafx.scene.Scene$ClickGenerator.postProcess(Scene.java:3470)
	at javafx.scene.Scene$ClickGenerator.access$8100(Scene.java:3398)
	at javafx.scene.Scene$MouseHandler.process(Scene.java:3766)
	at javafx.scene.Scene$MouseHandler.access$1500(Scene.java:3485)
	at javafx.scene.Scene.impl_processMouseEvent(Scene.java:1762)
	at javafx.scene.Scene$ScenePeerListener.mouseEvent(Scene.java:2494)
	at com.sun.javafx.tk.quantum.GlassViewEventHandler$MouseEventNotification.run(GlassViewEventHandler.java:394)
	at com.sun.javafx.tk.quantum.GlassViewEventHandler$MouseEventNotification.run(GlassViewEventHandler.java:295)
	at java.security.AccessController.doPrivileged(Native Method)
	at com.sun.javafx.tk.quantum.GlassViewEventHandler.lambda$handleMouseEvent$353(GlassViewEventHandler.java:432)
	at com.sun.javafx.tk.quantum.QuantumToolkit.runWithoutRenderLock(QuantumToolkit.java:389)
	at com.sun.javafx.tk.quantum.GlassViewEventHandler.handleMouseEvent(GlassViewEventHandler.java:431)
	at com.sun.glass.ui.View.handleMouseEvent(View.java:555)
	at com.sun.glass.ui.View.notifyMouse(View.java:937)
	at com.sun.glass.ui.win.WinApplication._runLoop(Native Method)
	at com.sun.glass.ui.win.WinApplication.lambda$null$147(WinApplication.java:177)
	at java.lang.Thread.run(Thread.java:748)
Caused by: java.sql.SQLException: Cannot add foreign key constraint
	at com.mysql.cj.jdbc.exceptions.SQLError.createSQLException(SQLError.java:129)
	at com.mysql.cj.jdbc.exceptions.SQLError.createSQLException(SQLError.java:97)
	at com.mysql.cj.jdbc.exceptions.SQLExceptionsMapping.translateException(SQLExceptionsMapping.java:122)
	at com.mysql.cj.jdbc.StatementImpl.executeInternal(StatementImpl.java:782)
	at com.mysql.cj.jdbc.StatementImpl.execute(StatementImpl.java:666)
	at org.hibernate.tool.schema.internal.exec.GenerationTargetToDatabase.accept(GenerationTargetToDatabase.java:54)
	... 62 more

May 31, 2019 3:58:22 PM org.hibernate.engine.transaction.jta.platform.internal.JtaPlatformInitiator initiateService
INFO: HHH000490: Using JtaPlatform implementation: [org.hibernate.engine.transaction.jta.platform.internal.NoJtaPlatform]
May 31, 2019 4:01:54 PM org.hibernate.Version logVersion
INFO: HHH000412: Hibernate Core {5.4.3.Final}
May 31, 2019 4:01:54 PM org.hibernate.annotations.common.reflection.java.JavaReflectionManager <clinit>
INFO: HCANN000001: Hibernate Commons Annotations {5.1.0.Final}
May 31, 2019 4:01:55 PM org.hibernate.engine.jdbc.connections.internal.DriverManagerConnectionProviderImpl configure
WARN: HHH10001002: Using Hibernate built-in connection pool (not for production use!)
May 31, 2019 4:01:55 PM org.hibernate.engine.jdbc.connections.internal.DriverManagerConnectionProviderImpl buildCreator
INFO: HHH10001005: using driver [com.mysql.jdbc.Driver] at URL [jdbc:mysql://localhost:3306/TestJPA]
May 31, 2019 4:01:55 PM org.hibernate.engine.jdbc.connections.internal.DriverManagerConnectionProviderImpl buildCreator
INFO: HHH10001001: Connection properties: {user=root, password=****}
May 31, 2019 4:01:55 PM org.hibernate.engine.jdbc.connections.internal.DriverManagerConnectionProviderImpl buildCreator
INFO: HHH10001003: Autocommit mode: false
May 31, 2019 4:01:55 PM org.hibernate.engine.jdbc.connections.internal.DriverManagerConnectionProviderImpl$PooledConnections <init>
INFO: HHH000115: Hibernate connection pool size: 20 (min=1)
May 31, 2019 4:01:55 PM org.hibernate.dialect.Dialect <init>
INFO: HHH000400: Using dialect: org.hibernate.dialect.MySQL57Dialect
May 31, 2019 4:01:56 PM org.hibernate.mapping.RootClass checkCompositeIdentifier
WARN: HHH000038: Composite-id class does not override equals(): lk.ijse.pos.entity.OrderDetailPK
May 31, 2019 4:01:56 PM org.hibernate.mapping.RootClass checkCompositeIdentifier
WARN: HHH000039: Composite-id class does not override hashCode(): lk.ijse.pos.entity.OrderDetailPK
May 31, 2019 4:01:57 PM org.hibernate.resource.transaction.backend.jdbc.internal.DdlTransactionIsolatorNonJtaImpl getIsolatedConnection
INFO: HHH10001501: Connection obtained from JdbcConnectionAccess [org.hibernate.engine.jdbc.env.internal.JdbcEnvironmentInitiator$ConnectionProviderJdbcConnectionAccess@5e3c5db1] for (non-JTA) DDL execution was not in auto-commit mode; the Connection 'local transaction' will be committed and the Connection will be set into auto-commit mode.
May 31, 2019 4:01:57 PM org.hibernate.tool.schema.internal.ExceptionHandlerLoggedImpl handleException
WARN: GenerationTarget encountered exception accepting command : Error executing DDL "alter table OrderDetail add constraint FKtogd3d0kvb3mreeh4pn7qox19 foreign key (itemCode) references Item (code)" via JDBC Statement
org.hibernate.tool.schema.spi.CommandAcceptanceException: Error executing DDL "alter table OrderDetail add constraint FKtogd3d0kvb3mreeh4pn7qox19 foreign key (itemCode) references Item (code)" via JDBC Statement
	at org.hibernate.tool.schema.internal.exec.GenerationTargetToDatabase.accept(GenerationTargetToDatabase.java:67)
	at org.hibernate.tool.schema.internal.AbstractSchemaMigrator.applySqlString(AbstractSchemaMigrator.java:559)
	at org.hibernate.tool.schema.internal.AbstractSchemaMigrator.applySqlStrings(AbstractSchemaMigrator.java:504)
	at org.hibernate.tool.schema.internal.AbstractSchemaMigrator.applyForeignKeys(AbstractSchemaMigrator.java:433)
	at org.hibernate.tool.schema.internal.AbstractSchemaMigrator.performMigration(AbstractSchemaMigrator.java:249)
	at org.hibernate.tool.schema.internal.AbstractSchemaMigrator.doMigration(AbstractSchemaMigrator.java:114)
	at org.hibernate.tool.schema.spi.SchemaManagementToolCoordinator.performDatabaseAction(SchemaManagementToolCoordinator.java:184)
	at org.hibernate.tool.schema.spi.SchemaManagementToolCoordinator.process(SchemaManagementToolCoordinator.java:73)
	at org.hibernate.internal.SessionFactoryImpl.<init>(SessionFactoryImpl.java:309)
	at org.hibernate.boot.internal.SessionFactoryBuilderImpl.build(SessionFactoryBuilderImpl.java:462)
	at org.hibernate.boot.internal.MetadataImpl.buildSessionFactory(MetadataImpl.java:184)
	at lk.ijse.pos.db.HibernateUtil.buildSessionFactory(HibernateUtil.java:36)
	at lk.ijse.pos.db.HibernateUtil.<clinit>(HibernateUtil.java:18)
	at lk.ijse.pos.business.custom.impl.CustomerBOImpl.getAllCustomers(CustomerBOImpl.java:36)
	at lk.ijse.pos.controller.ManageCustomerFormController.initialize(ManageCustomerFormController.java:77)
	at javafx.fxml.FXMLLoader.loadImpl(FXMLLoader.java:2548)
	at javafx.fxml.FXMLLoader.loadImpl(FXMLLoader.java:2441)
	at javafx.fxml.FXMLLoader.loadImpl(FXMLLoader.java:3214)
	at javafx.fxml.FXMLLoader.loadImpl(FXMLLoader.java:3175)
	at javafx.fxml.FXMLLoader.loadImpl(FXMLLoader.java:3148)
	at javafx.fxml.FXMLLoader.loadImpl(FXMLLoader.java:3124)
	at javafx.fxml.FXMLLoader.loadImpl(FXMLLoader.java:3104)
	at javafx.fxml.FXMLLoader.load(FXMLLoader.java:3097)
	at lk.ijse.pos.controller.MainFormController.navigate(MainFormController.java:123)
	at sun.reflect.NativeMethodAccessorImpl.invoke0(Native Method)
	at sun.reflect.NativeMethodAccessorImpl.invoke(NativeMethodAccessorImpl.java:62)
	at sun.reflect.DelegatingMethodAccessorImpl.invoke(DelegatingMethodAccessorImpl.java:43)
	at java.lang.reflect.Method.invoke(Method.java:498)
	at sun.reflect.misc.Trampoline.invoke(MethodUtil.java:71)
	at sun.reflect.GeneratedMethodAccessor1.invoke(Unknown Source)
	at sun.reflect.DelegatingMethodAccessorImpl.invoke(DelegatingMethodAccessorImpl.java:43)
	at java.lang.reflect.Method.invoke(Method.java:498)
	at sun.reflect.misc.MethodUtil.invoke(MethodUtil.java:275)
	at javafx.fxml.FXMLLoader$MethodHandler.invoke(FXMLLoader.java:1769)
	at javafx.fxml.FXMLLoader$ControllerMethodEventHandler.handle(FXMLLoader.java:1657)
	at com.sun.javafx.event.CompositeEventHandler.dispatchBubblingEvent(CompositeEventHandler.java:86)
	at com.sun.javafx.event.EventHandlerManager.dispatchBubblingEvent(EventHandlerManager.java:238)
	at com.sun.javafx.event.EventHandlerManager.dispatchBubblingEvent(EventHandlerManager.java:191)
	at com.sun.javafx.event.CompositeEventDispatcher.dispatchBubblingEvent(CompositeEventDispatcher.java:59)
	at com.sun.javafx.event.BasicEventDispatcher.dispatchEvent(BasicEventDispatcher.java:58)
	at com.sun.javafx.event.EventDispatchChainImpl.dispatchEvent(EventDispatchChainImpl.java:114)
	at com.sun.javafx.event.BasicEventDispatcher.dispatchEvent(BasicEventDispatcher.java:56)
	at com.sun.javafx.event.EventDispatchChainImpl.dispatchEvent(EventDispatchChainImpl.java:114)
	at com.sun.javafx.event.EventUtil.fireEventImpl(EventUtil.java:74)
	at com.sun.javafx.event.EventUtil.fireEvent(EventUtil.java:54)
	at javafx.event.Event.fireEvent(Event.java:198)
	at javafx.scene.Scene$ClickGenerator.postProcess(Scene.java:3470)
	at javafx.scene.Scene$ClickGenerator.access$8100(Scene.java:3398)
	at javafx.scene.Scene$MouseHandler.process(Scene.java:3766)
	at javafx.scene.Scene$MouseHandler.access$1500(Scene.java:3485)
	at javafx.scene.Scene.impl_processMouseEvent(Scene.java:1762)
	at javafx.scene.Scene$ScenePeerListener.mouseEvent(Scene.java:2494)
	at com.sun.javafx.tk.quantum.GlassViewEventHandler$MouseEventNotification.run(GlassViewEventHandler.java:394)
	at com.sun.javafx.tk.quantum.GlassViewEventHandler$MouseEventNotification.run(GlassViewEventHandler.java:295)
	at java.security.AccessController.doPrivileged(Native Method)
	at com.sun.javafx.tk.quantum.GlassViewEventHandler.lambda$handleMouseEvent$353(GlassViewEventHandler.java:432)
	at com.sun.javafx.tk.quantum.QuantumToolkit.runWithoutRenderLock(QuantumToolkit.java:389)
	at com.sun.javafx.tk.quantum.GlassViewEventHandler.handleMouseEvent(GlassViewEventHandler.java:431)
	at com.sun.glass.ui.View.handleMouseEvent(View.java:555)
	at com.sun.glass.ui.View.notifyMouse(View.java:937)
	at com.sun.glass.ui.win.WinApplication._runLoop(Native Method)
	at com.sun.glass.ui.win.WinApplication.lambda$null$147(WinApplication.java:177)
	at java.lang.Thread.run(Thread.java:748)
Caused by: java.sql.SQLIntegrityConstraintViolationException: Cannot add or update a child row: a foreign key constraint fails (`testjpa`.`#sql-d9c_8`, CONSTRAINT `FKtogd3d0kvb3mreeh4pn7qox19` FOREIGN KEY (`itemCode`) REFERENCES `item` (`code`))
	at com.mysql.cj.jdbc.exceptions.SQLError.createSQLException(SQLError.java:117)
	at com.mysql.cj.jdbc.exceptions.SQLError.createSQLException(SQLError.java:97)
	at com.mysql.cj.jdbc.exceptions.SQLExceptionsMapping.translateException(SQLExceptionsMapping.java:122)
	at com.mysql.cj.jdbc.StatementImpl.executeInternal(StatementImpl.java:782)
	at com.mysql.cj.jdbc.StatementImpl.execute(StatementImpl.java:666)
	at org.hibernate.tool.schema.internal.exec.GenerationTargetToDatabase.accept(GenerationTargetToDatabase.java:54)
	... 62 more

May 31, 2019 4:01:57 PM org.hibernate.tool.schema.internal.ExceptionHandlerLoggedImpl handleException
WARN: GenerationTarget encountered exception accepting command : Error executing DDL "alter table OrderDetail add constraint FK21x4a3ee3h5uwombp0n7cayng foreign key (orderId) references `Order` (id)" via JDBC Statement
org.hibernate.tool.schema.spi.CommandAcceptanceException: Error executing DDL "alter table OrderDetail add constraint FK21x4a3ee3h5uwombp0n7cayng foreign key (orderId) references `Order` (id)" via JDBC Statement
	at org.hibernate.tool.schema.internal.exec.GenerationTargetToDatabase.accept(GenerationTargetToDatabase.java:67)
	at org.hibernate.tool.schema.internal.AbstractSchemaMigrator.applySqlString(AbstractSchemaMigrator.java:559)
	at org.hibernate.tool.schema.internal.AbstractSchemaMigrator.applySqlStrings(AbstractSchemaMigrator.java:504)
	at org.hibernate.tool.schema.internal.AbstractSchemaMigrator.applyForeignKeys(AbstractSchemaMigrator.java:433)
	at org.hibernate.tool.schema.internal.AbstractSchemaMigrator.performMigration(AbstractSchemaMigrator.java:249)
	at org.hibernate.tool.schema.internal.AbstractSchemaMigrator.doMigration(AbstractSchemaMigrator.java:114)
	at org.hibernate.tool.schema.spi.SchemaManagementToolCoordinator.performDatabaseAction(SchemaManagementToolCoordinator.java:184)
	at org.hibernate.tool.schema.spi.SchemaManagementToolCoordinator.process(SchemaManagementToolCoordinator.java:73)
	at org.hibernate.internal.SessionFactoryImpl.<init>(SessionFactoryImpl.java:309)
	at org.hibernate.boot.internal.SessionFactoryBuilderImpl.build(SessionFactoryBuilderImpl.java:462)
	at org.hibernate.boot.internal.MetadataImpl.buildSessionFactory(MetadataImpl.java:184)
	at lk.ijse.pos.db.HibernateUtil.buildSessionFactory(HibernateUtil.java:36)
	at lk.ijse.pos.db.HibernateUtil.<clinit>(HibernateUtil.java:18)
	at lk.ijse.pos.business.custom.impl.CustomerBOImpl.getAllCustomers(CustomerBOImpl.java:36)
	at lk.ijse.pos.controller.ManageCustomerFormController.initialize(ManageCustomerFormController.java:77)
	at javafx.fxml.FXMLLoader.loadImpl(FXMLLoader.java:2548)
	at javafx.fxml.FXMLLoader.loadImpl(FXMLLoader.java:2441)
	at javafx.fxml.FXMLLoader.loadImpl(FXMLLoader.java:3214)
	at javafx.fxml.FXMLLoader.loadImpl(FXMLLoader.java:3175)
	at javafx.fxml.FXMLLoader.loadImpl(FXMLLoader.java:3148)
	at javafx.fxml.FXMLLoader.loadImpl(FXMLLoader.java:3124)
	at javafx.fxml.FXMLLoader.loadImpl(FXMLLoader.java:3104)
	at javafx.fxml.FXMLLoader.load(FXMLLoader.java:3097)
	at lk.ijse.pos.controller.MainFormController.navigate(MainFormController.java:123)
	at sun.reflect.NativeMethodAccessorImpl.invoke0(Native Method)
	at sun.reflect.NativeMethodAccessorImpl.invoke(NativeMethodAccessorImpl.java:62)
	at sun.reflect.DelegatingMethodAccessorImpl.invoke(DelegatingMethodAccessorImpl.java:43)
	at java.lang.reflect.Method.invoke(Method.java:498)
	at sun.reflect.misc.Trampoline.invoke(MethodUtil.java:71)
	at sun.reflect.GeneratedMethodAccessor1.invoke(Unknown Source)
	at sun.reflect.DelegatingMethodAccessorImpl.invoke(DelegatingMethodAccessorImpl.java:43)
	at java.lang.reflect.Method.invoke(Method.java:498)
	at sun.reflect.misc.MethodUtil.invoke(MethodUtil.java:275)
	at javafx.fxml.FXMLLoader$MethodHandler.invoke(FXMLLoader.java:1769)
	at javafx.fxml.FXMLLoader$ControllerMethodEventHandler.handle(FXMLLoader.java:1657)
	at com.sun.javafx.event.CompositeEventHandler.dispatchBubblingEvent(CompositeEventHandler.java:86)
	at com.sun.javafx.event.EventHandlerManager.dispatchBubblingEvent(EventHandlerManager.java:238)
	at com.sun.javafx.event.EventHandlerManager.dispatchBubblingEvent(EventHandlerManager.java:191)
	at com.sun.javafx.event.CompositeEventDispatcher.dispatchBubblingEvent(CompositeEventDispatcher.java:59)
	at com.sun.javafx.event.BasicEventDispatcher.dispatchEvent(BasicEventDispatcher.java:58)
	at com.sun.javafx.event.EventDispatchChainImpl.dispatchEvent(EventDispatchChainImpl.java:114)
	at com.sun.javafx.event.BasicEventDispatcher.dispatchEvent(BasicEventDispatcher.java:56)
	at com.sun.javafx.event.EventDispatchChainImpl.dispatchEvent(EventDispatchChainImpl.java:114)
	at com.sun.javafx.event.EventUtil.fireEventImpl(EventUtil.java:74)
	at com.sun.javafx.event.EventUtil.fireEvent(EventUtil.java:54)
	at javafx.event.Event.fireEvent(Event.java:198)
	at javafx.scene.Scene$ClickGenerator.postProcess(Scene.java:3470)
	at javafx.scene.Scene$ClickGenerator.access$8100(Scene.java:3398)
	at javafx.scene.Scene$MouseHandler.process(Scene.java:3766)
	at javafx.scene.Scene$MouseHandler.access$1500(Scene.java:3485)
	at javafx.scene.Scene.impl_processMouseEvent(Scene.java:1762)
	at javafx.scene.Scene$ScenePeerListener.mouseEvent(Scene.java:2494)
	at com.sun.javafx.tk.quantum.GlassViewEventHandler$MouseEventNotification.run(GlassViewEventHandler.java:394)
	at com.sun.javafx.tk.quantum.GlassViewEventHandler$MouseEventNotification.run(GlassViewEventHandler.java:295)
	at java.security.AccessController.doPrivileged(Native Method)
	at com.sun.javafx.tk.quantum.GlassViewEventHandler.lambda$handleMouseEvent$353(GlassViewEventHandler.java:432)
	at com.sun.javafx.tk.quantum.QuantumToolkit.runWithoutRenderLock(QuantumToolkit.java:389)
	at com.sun.javafx.tk.quantum.GlassViewEventHandler.handleMouseEvent(GlassViewEventHandler.java:431)
	at com.sun.glass.ui.View.handleMouseEvent(View.java:555)
	at com.sun.glass.ui.View.notifyMouse(View.java:937)
	at com.sun.glass.ui.win.WinApplication._runLoop(Native Method)
	at com.sun.glass.ui.win.WinApplication.lambda$null$147(WinApplication.java:177)
	at java.lang.Thread.run(Thread.java:748)
Caused by: java.sql.SQLException: Cannot add foreign key constraint
	at com.mysql.cj.jdbc.exceptions.SQLError.createSQLException(SQLError.java:129)
	at com.mysql.cj.jdbc.exceptions.SQLError.createSQLException(SQLError.java:97)
	at com.mysql.cj.jdbc.exceptions.SQLExceptionsMapping.translateException(SQLExceptionsMapping.java:122)
	at com.mysql.cj.jdbc.StatementImpl.executeInternal(StatementImpl.java:782)
	at com.mysql.cj.jdbc.StatementImpl.execute(StatementImpl.java:666)
	at org.hibernate.tool.schema.internal.exec.GenerationTargetToDatabase.accept(GenerationTargetToDatabase.java:54)
	... 62 more

May 31, 2019 4:01:57 PM org.hibernate.engine.transaction.jta.platform.internal.JtaPlatformInitiator initiateService
INFO: HHH000490: Using JtaPlatform implementation: [org.hibernate.engine.transaction.jta.platform.internal.NoJtaPlatform]
May 31, 2019 4:17:48 PM org.springframework.context.support.AbstractApplicationContext refresh
WARNING: Exception encountered during context initialization - cancelling refresh attempt: org.springframework.beans.factory.UnsatisfiedDependencyException: Error creating bean with name 'customerBOImpl': Unsatisfied dependency expressed through field 'customerDAO'; nested exception is org.springframework.beans.factory.NoSuchBeanDefinitionException: No qualifying bean of type 'lk.ijse.pos.dao.custom.CustomerDAO' available: expected at least 1 bean which qualifies as autowire candidate. Dependency annotations: {@org.springframework.beans.factory.annotation.Autowired(required=true)}
May 31, 2019 4:20:24 PM org.hibernate.Version logVersion
INFO: HHH000412: Hibernate Core {5.4.3.Final}
May 31, 2019 4:20:24 PM org.hibernate.annotations.common.reflection.java.JavaReflectionManager <clinit>
INFO: HCANN000001: Hibernate Commons Annotations {5.1.0.Final}
May 31, 2019 4:20:24 PM org.hibernate.engine.jdbc.connections.internal.DriverManagerConnectionProviderImpl configure
WARN: HHH10001002: Using Hibernate built-in connection pool (not for production use!)
May 31, 2019 4:20:24 PM org.hibernate.engine.jdbc.connections.internal.DriverManagerConnectionProviderImpl buildCreator
INFO: HHH10001005: using driver [com.mysql.jdbc.Driver] at URL [jdbc:mysql://localhost:3306/JDBC]
May 31, 2019 4:20:24 PM org.hibernate.engine.jdbc.connections.internal.DriverManagerConnectionProviderImpl buildCreator
INFO: HHH10001001: Connection properties: {user=root, password=****}
May 31, 2019 4:20:24 PM org.hibernate.engine.jdbc.connections.internal.DriverManagerConnectionProviderImpl buildCreator
INFO: HHH10001003: Autocommit mode: false
May 31, 2019 4:20:24 PM org.hibernate.engine.jdbc.connections.internal.DriverManagerConnectionProviderImpl$PooledConnections <init>
INFO: HHH000115: Hibernate connection pool size: 20 (min=1)
May 31, 2019 4:20:25 PM org.hibernate.dialect.Dialect <init>
INFO: HHH000400: Using dialect: org.hibernate.dialect.MySQL57Dialect
May 31, 2019 4:20:26 PM org.hibernate.mapping.RootClass checkCompositeIdentifier
WARN: HHH000038: Composite-id class does not override equals(): lk.ijse.pos.entity.OrderDetailPK
May 31, 2019 4:20:26 PM org.hibernate.mapping.RootClass checkCompositeIdentifier
WARN: HHH000039: Composite-id class does not override hashCode(): lk.ijse.pos.entity.OrderDetailPK
May 31, 2019 4:20:27 PM org.hibernate.resource.transaction.backend.jdbc.internal.DdlTransactionIsolatorNonJtaImpl getIsolatedConnection
INFO: HHH10001501: Connection obtained from JdbcConnectionAccess [org.hibernate.engine.jdbc.env.internal.JdbcEnvironmentInitiator$ConnectionProviderJdbcConnectionAccess@6d1dc6cb] for (non-JTA) DDL execution was not in auto-commit mode; the Connection 'local transaction' will be committed and the Connection will be set into auto-commit mode.
May 31, 2019 4:20:27 PM org.hibernate.engine.transaction.jta.platform.internal.JtaPlatformInitiator initiateService
INFO: HHH000490: Using JtaPlatform implementation: [org.hibernate.engine.transaction.jta.platform.internal.NoJtaPlatform]
Jun 02, 2019 4:47:14 PM org.hibernate.Version logVersion
INFO: HHH000412: Hibernate Core {5.4.3.Final}
Jun 02, 2019 4:47:16 PM org.hibernate.annotations.common.reflection.java.JavaReflectionManager <clinit>
INFO: HCANN000001: Hibernate Commons Annotations {5.1.0.Final}
Jun 02, 2019 4:47:17 PM org.hibernate.engine.jdbc.connections.internal.DriverManagerConnectionProviderImpl configure
WARN: HHH10001002: Using Hibernate built-in connection pool (not for production use!)
Jun 02, 2019 4:47:17 PM org.hibernate.engine.jdbc.connections.internal.DriverManagerConnectionProviderImpl buildCreator
INFO: HHH10001005: using driver [com.mysql.jdbc.Driver] at URL [jdbc:mysql://localhost:3306/JDBC]
Jun 02, 2019 4:47:17 PM org.hibernate.engine.jdbc.connections.internal.DriverManagerConnectionProviderImpl buildCreator
INFO: HHH10001001: Connection properties: {user=root, password=****}
Jun 02, 2019 4:47:17 PM org.hibernate.engine.jdbc.connections.internal.DriverManagerConnectionProviderImpl buildCreator
INFO: HHH10001003: Autocommit mode: false
Jun 02, 2019 4:47:17 PM org.hibernate.engine.jdbc.connections.internal.DriverManagerConnectionProviderImpl$PooledConnections <init>
INFO: HHH000115: Hibernate connection pool size: 20 (min=1)
Jun 02, 2019 4:47:18 PM org.hibernate.dialect.Dialect <init>
INFO: HHH000400: Using dialect: org.hibernate.dialect.MySQL57Dialect
Jun 02, 2019 4:47:19 PM org.hibernate.mapping.RootClass checkCompositeIdentifier
WARN: HHH000038: Composite-id class does not override equals(): lk.ijse.pos.entity.OrderDetailPK
Jun 02, 2019 4:47:19 PM org.hibernate.mapping.RootClass checkCompositeIdentifier
WARN: HHH000039: Composite-id class does not override hashCode(): lk.ijse.pos.entity.OrderDetailPK
Jun 02, 2019 4:47:21 PM org.hibernate.resource.transaction.backend.jdbc.internal.DdlTransactionIsolatorNonJtaImpl getIsolatedConnection
INFO: HHH10001501: Connection obtained from JdbcConnectionAccess [org.hibernate.engine.jdbc.env.internal.JdbcEnvironmentInitiator$ConnectionProviderJdbcConnectionAccess@1bf63e8d] for (non-JTA) DDL execution was not in auto-commit mode; the Connection 'local transaction' will be committed and the Connection will be set into auto-commit mode.
Jun 02, 2019 4:47:22 PM org.hibernate.engine.transaction.jta.platform.internal.JtaPlatformInitiator initiateService
INFO: HHH000490: Using JtaPlatform implementation: [org.hibernate.engine.transaction.jta.platform.internal.NoJtaPlatform]
Jun 03, 2019 12:54:37 PM org.hibernate.Version logVersion
INFO: HHH000412: Hibernate Core {5.4.3.Final}
Jun 03, 2019 12:54:38 PM org.hibernate.annotations.common.reflection.java.JavaReflectionManager <clinit>
INFO: HCANN000001: Hibernate Commons Annotations {5.1.0.Final}
Jun 03, 2019 12:54:39 PM org.hibernate.engine.jdbc.env.internal.JdbcEnvironmentInitiator initiateService
WARN: HHH000342: Could not obtain connection to query metadata : Access denied for user 'hibernate.connection.username'@'localhost' (using password: YES)
Jun 03, 2019 12:54:39 PM org.hibernate.dialect.Dialect <init>
INFO: HHH000400: Using dialect: org.hibernate.dialect.MySQL57Dialect
Jun 03, 2019 12:54:39 PM org.hibernate.mapping.RootClass checkCompositeIdentifier
WARN: HHH000038: Composite-id class does not override equals(): lk.ijse.pos.entity.OrderDetailPK
Jun 03, 2019 12:54:39 PM org.hibernate.mapping.RootClass checkCompositeIdentifier
WARN: HHH000039: Composite-id class does not override hashCode(): lk.ijse.pos.entity.OrderDetailPK
Jun 03, 2019 12:54:41 PM org.hibernate.engine.jdbc.spi.SqlExceptionHelper logExceptions
WARN: SQL Error: 1045, SQLState: 28000
Jun 03, 2019 12:54:41 PM org.hibernate.engine.jdbc.spi.SqlExceptionHelper logExceptions
ERROR: Access denied for user 'hibernate.connection.username'@'localhost' (using password: YES)
Jun 03, 2019 12:54:41 PM org.springframework.context.support.AbstractApplicationContext refresh
WARNING: Exception encountered during context initialization - cancelling refresh attempt: org.springframework.beans.factory.BeanCreationException: Error creating bean with name 'sessionFactory' defined in class path resource [lk/ijse/pos/main/HibernateConfig.class]: Invocation of init method failed; nested exception is org.hibernate.exception.GenericJDBCException: Unable to open JDBC Connection for DDL execution
Jun 03, 2019 12:59:14 PM org.hibernate.Version logVersion
INFO: HHH000412: Hibernate Core {5.4.3.Final}
Jun 03, 2019 12:59:15 PM org.hibernate.annotations.common.reflection.java.JavaReflectionManager <clinit>
INFO: HCANN000001: Hibernate Commons Annotations {5.1.0.Final}
Jun 03, 2019 12:59:17 PM org.hibernate.dialect.Dialect <init>
INFO: HHH000400: Using dialect: org.hibernate.dialect.MySQL57Dialect
Jun 03, 2019 12:59:17 PM org.hibernate.mapping.RootClass checkCompositeIdentifier
WARN: HHH000038: Composite-id class does not override equals(): lk.ijse.pos.entity.OrderDetailPK
Jun 03, 2019 12:59:17 PM org.hibernate.mapping.RootClass checkCompositeIdentifier
WARN: HHH000039: Composite-id class does not override hashCode(): lk.ijse.pos.entity.OrderDetailPK
Jun 03, 2019 12:59:19 PM org.hibernate.engine.transaction.jta.platform.internal.JtaPlatformInitiator initiateService
INFO: HHH000490: Using JtaPlatform implementation: [org.hibernate.engine.transaction.jta.platform.internal.NoJtaPlatform]
Jun 03, 2019 12:59:23 PM lk.ijse.pos.controller.ManageCustomerFormController initialize
SEVERE: null
java.lang.NullPointerException
	at lk.ijse.pos.dao.CrudDAOImpl.getSession(CrudDAOImpl.java:23)
	at lk.ijse.pos.dao.CrudDAOImpl.findAll(CrudDAOImpl.java:43)
	at lk.ijse.pos.business.custom.impl.CustomerBOImpl.getAllCustomers(CustomerBOImpl.java:33)
	at lk.ijse.pos.controller.ManageCustomerFormController.initialize(ManageCustomerFormController.java:75)
	at javafx.fxml.FXMLLoader.loadImpl(FXMLLoader.java:2548)
	at javafx.fxml.FXMLLoader.loadImpl(FXMLLoader.java:2441)
	at javafx.fxml.FXMLLoader.loadImpl(FXMLLoader.java:3214)
	at javafx.fxml.FXMLLoader.loadImpl(FXMLLoader.java:3175)
	at javafx.fxml.FXMLLoader.loadImpl(FXMLLoader.java:3148)
	at javafx.fxml.FXMLLoader.loadImpl(FXMLLoader.java:3124)
	at javafx.fxml.FXMLLoader.loadImpl(FXMLLoader.java:3104)
	at javafx.fxml.FXMLLoader.load(FXMLLoader.java:3097)
	at lk.ijse.pos.controller.MainFormController.navigate(MainFormController.java:123)
	at sun.reflect.NativeMethodAccessorImpl.invoke0(Native Method)
	at sun.reflect.NativeMethodAccessorImpl.invoke(NativeMethodAccessorImpl.java:62)
	at sun.reflect.DelegatingMethodAccessorImpl.invoke(DelegatingMethodAccessorImpl.java:43)
	at java.lang.reflect.Method.invoke(Method.java:498)
	at sun.reflect.misc.Trampoline.invoke(MethodUtil.java:71)
	at sun.reflect.GeneratedMethodAccessor13.invoke(Unknown Source)
	at sun.reflect.DelegatingMethodAccessorImpl.invoke(DelegatingMethodAccessorImpl.java:43)
	at java.lang.reflect.Method.invoke(Method.java:498)
	at sun.reflect.misc.MethodUtil.invoke(MethodUtil.java:275)
	at javafx.fxml.FXMLLoader$MethodHandler.invoke(FXMLLoader.java:1769)
	at javafx.fxml.FXMLLoader$ControllerMethodEventHandler.handle(FXMLLoader.java:1657)
	at com.sun.javafx.event.CompositeEventHandler.dispatchBubblingEvent(CompositeEventHandler.java:86)
	at com.sun.javafx.event.EventHandlerManager.dispatchBubblingEvent(EventHandlerManager.java:238)
	at com.sun.javafx.event.EventHandlerManager.dispatchBubblingEvent(EventHandlerManager.java:191)
	at com.sun.javafx.event.CompositeEventDispatcher.dispatchBubblingEvent(CompositeEventDispatcher.java:59)
	at com.sun.javafx.event.BasicEventDispatcher.dispatchEvent(BasicEventDispatcher.java:58)
	at com.sun.javafx.event.EventDispatchChainImpl.dispatchEvent(EventDispatchChainImpl.java:114)
	at com.sun.javafx.event.BasicEventDispatcher.dispatchEvent(BasicEventDispatcher.java:56)
	at com.sun.javafx.event.EventDispatchChainImpl.dispatchEvent(EventDispatchChainImpl.java:114)
	at com.sun.javafx.event.EventUtil.fireEventImpl(EventUtil.java:74)
	at com.sun.javafx.event.EventUtil.fireEvent(EventUtil.java:54)
	at javafx.event.Event.fireEvent(Event.java:198)
	at javafx.scene.Scene$ClickGenerator.postProcess(Scene.java:3470)
	at javafx.scene.Scene$ClickGenerator.access$8100(Scene.java:3398)
	at javafx.scene.Scene$MouseHandler.process(Scene.java:3766)
	at javafx.scene.Scene$MouseHandler.access$1500(Scene.java:3485)
	at javafx.scene.Scene.impl_processMouseEvent(Scene.java:1762)
	at javafx.scene.Scene$ScenePeerListener.mouseEvent(Scene.java:2494)
	at com.sun.javafx.tk.quantum.GlassViewEventHandler$MouseEventNotification.run(GlassViewEventHandler.java:394)
	at com.sun.javafx.tk.quantum.GlassViewEventHandler$MouseEventNotification.run(GlassViewEventHandler.java:295)
	at java.security.AccessController.doPrivileged(Native Method)
	at com.sun.javafx.tk.quantum.GlassViewEventHandler.lambda$handleMouseEvent$353(GlassViewEventHandler.java:432)
	at com.sun.javafx.tk.quantum.QuantumToolkit.runWithoutRenderLock(QuantumToolkit.java:389)
	at com.sun.javafx.tk.quantum.GlassViewEventHandler.handleMouseEvent(GlassViewEventHandler.java:431)
	at com.sun.glass.ui.View.handleMouseEvent(View.java:555)
	at com.sun.glass.ui.View.notifyMouse(View.java:937)
	at com.sun.glass.ui.win.WinApplication._runLoop(Native Method)
	at com.sun.glass.ui.win.WinApplication.lambda$null$147(WinApplication.java:177)
	at java.lang.Thread.run(Thread.java:748)

Jun 03, 2019 1:15:40 PM org.hibernate.Version logVersion
INFO: HHH000412: Hibernate Core {5.4.3.Final}
Jun 03, 2019 1:15:40 PM org.hibernate.annotations.common.reflection.java.JavaReflectionManager <clinit>
INFO: HCANN000001: Hibernate Commons Annotations {5.1.0.Final}
Jun 03, 2019 1:15:41 PM org.hibernate.dialect.Dialect <init>
INFO: HHH000400: Using dialect: org.hibernate.dialect.MySQL57Dialect
Jun 03, 2019 1:15:42 PM org.hibernate.mapping.RootClass checkCompositeIdentifier
WARN: HHH000038: Composite-id class does not override equals(): lk.ijse.pos.entity.OrderDetailPK
Jun 03, 2019 1:15:42 PM org.hibernate.mapping.RootClass checkCompositeIdentifier
WARN: HHH000039: Composite-id class does not override hashCode(): lk.ijse.pos.entity.OrderDetailPK
Jun 03, 2019 1:15:44 PM org.hibernate.engine.transaction.jta.platform.internal.JtaPlatformInitiator initiateService
INFO: HHH000490: Using JtaPlatform implementation: [org.hibernate.engine.transaction.jta.platform.internal.NoJtaPlatform]
Jun 03, 2019 1:15:50 PM lk.ijse.pos.controller.ManageCustomerFormController initialize
SEVERE: null
java.lang.NullPointerException
	at lk.ijse.pos.dao.CrudDAOImpl.getSession(CrudDAOImpl.java:23)
	at lk.ijse.pos.dao.CrudDAOImpl.findAll(CrudDAOImpl.java:43)
	at lk.ijse.pos.business.custom.impl.CustomerBOImpl.getAllCustomers(CustomerBOImpl.java:35)
	at sun.reflect.NativeMethodAccessorImpl.invoke0(Native Method)
	at sun.reflect.NativeMethodAccessorImpl.invoke(NativeMethodAccessorImpl.java:62)
	at sun.reflect.DelegatingMethodAccessorImpl.invoke(DelegatingMethodAccessorImpl.java:43)
	at java.lang.reflect.Method.invoke(Method.java:498)
	at org.springframework.aop.support.AopUtils.invokeJoinpointUsingReflection(AopUtils.java:343)
	at org.springframework.aop.framework.ReflectiveMethodInvocation.invokeJoinpoint(ReflectiveMethodInvocation.java:198)
	at org.springframework.aop.framework.ReflectiveMethodInvocation.proceed(ReflectiveMethodInvocation.java:163)
	at org.springframework.transaction.interceptor.TransactionAspectSupport.invokeWithinTransaction(TransactionAspectSupport.java:295)
	at org.springframework.transaction.interceptor.TransactionInterceptor.invoke(TransactionInterceptor.java:98)
	at org.springframework.aop.framework.ReflectiveMethodInvocation.proceed(ReflectiveMethodInvocation.java:186)
	at org.springframework.aop.framework.JdkDynamicAopProxy.invoke(JdkDynamicAopProxy.java:212)
	at com.sun.proxy.$Proxy22.getAllCustomers(Unknown Source)
	at lk.ijse.pos.controller.ManageCustomerFormController.initialize(ManageCustomerFormController.java:75)
	at javafx.fxml.FXMLLoader.loadImpl(FXMLLoader.java:2548)
	at javafx.fxml.FXMLLoader.loadImpl(FXMLLoader.java:2441)
	at javafx.fxml.FXMLLoader.loadImpl(FXMLLoader.java:3214)
	at javafx.fxml.FXMLLoader.loadImpl(FXMLLoader.java:3175)
	at javafx.fxml.FXMLLoader.loadImpl(FXMLLoader.java:3148)
	at javafx.fxml.FXMLLoader.loadImpl(FXMLLoader.java:3124)
	at javafx.fxml.FXMLLoader.loadImpl(FXMLLoader.java:3104)
	at javafx.fxml.FXMLLoader.load(FXMLLoader.java:3097)
	at lk.ijse.pos.controller.MainFormController.navigate(MainFormController.java:123)
	at sun.reflect.NativeMethodAccessorImpl.invoke0(Native Method)
	at sun.reflect.NativeMethodAccessorImpl.invoke(NativeMethodAccessorImpl.java:62)
	at sun.reflect.DelegatingMethodAccessorImpl.invoke(DelegatingMethodAccessorImpl.java:43)
	at java.lang.reflect.Method.invoke(Method.java:498)
	at sun.reflect.misc.Trampoline.invoke(MethodUtil.java:71)
	at sun.reflect.GeneratedMethodAccessor13.invoke(Unknown Source)
	at sun.reflect.DelegatingMethodAccessorImpl.invoke(DelegatingMethodAccessorImpl.java:43)
	at java.lang.reflect.Method.invoke(Method.java:498)
	at sun.reflect.misc.MethodUtil.invoke(MethodUtil.java:275)
	at javafx.fxml.FXMLLoader$MethodHandler.invoke(FXMLLoader.java:1769)
	at javafx.fxml.FXMLLoader$ControllerMethodEventHandler.handle(FXMLLoader.java:1657)
	at com.sun.javafx.event.CompositeEventHandler.dispatchBubblingEvent(CompositeEventHandler.java:86)
	at com.sun.javafx.event.EventHandlerManager.dispatchBubblingEvent(EventHandlerManager.java:238)
	at com.sun.javafx.event.EventHandlerManager.dispatchBubblingEvent(EventHandlerManager.java:191)
	at com.sun.javafx.event.CompositeEventDispatcher.dispatchBubblingEvent(CompositeEventDispatcher.java:59)
	at com.sun.javafx.event.BasicEventDispatcher.dispatchEvent(BasicEventDispatcher.java:58)
	at com.sun.javafx.event.EventDispatchChainImpl.dispatchEvent(EventDispatchChainImpl.java:114)
	at com.sun.javafx.event.BasicEventDispatcher.dispatchEvent(BasicEventDispatcher.java:56)
	at com.sun.javafx.event.EventDispatchChainImpl.dispatchEvent(EventDispatchChainImpl.java:114)
	at com.sun.javafx.event.EventUtil.fireEventImpl(EventUtil.java:74)
	at com.sun.javafx.event.EventUtil.fireEvent(EventUtil.java:54)
	at javafx.event.Event.fireEvent(Event.java:198)
	at javafx.scene.Scene$ClickGenerator.postProcess(Scene.java:3470)
	at javafx.scene.Scene$ClickGenerator.access$8100(Scene.java:3398)
	at javafx.scene.Scene$MouseHandler.process(Scene.java:3766)
	at javafx.scene.Scene$MouseHandler.access$1500(Scene.java:3485)
	at javafx.scene.Scene.impl_processMouseEvent(Scene.java:1762)
	at javafx.scene.Scene$ScenePeerListener.mouseEvent(Scene.java:2494)
	at com.sun.javafx.tk.quantum.GlassViewEventHandler$MouseEventNotification.run(GlassViewEventHandler.java:394)
	at com.sun.javafx.tk.quantum.GlassViewEventHandler$MouseEventNotification.run(GlassViewEventHandler.java:295)
	at java.security.AccessController.doPrivileged(Native Method)
	at com.sun.javafx.tk.quantum.GlassViewEventHandler.lambda$handleMouseEvent$353(GlassViewEventHandler.java:432)
	at com.sun.javafx.tk.quantum.QuantumToolkit.runWithoutRenderLock(QuantumToolkit.java:389)
	at com.sun.javafx.tk.quantum.GlassViewEventHandler.handleMouseEvent(GlassViewEventHandler.java:431)
	at com.sun.glass.ui.View.handleMouseEvent(View.java:555)
	at com.sun.glass.ui.View.notifyMouse(View.java:937)
	at com.sun.glass.ui.win.WinApplication._runLoop(Native Method)
	at com.sun.glass.ui.win.WinApplication.lambda$null$147(WinApplication.java:177)
	at java.lang.Thread.run(Thread.java:748)

